Timing is on.
select to_char(l_shipdate, 'yyyy') tm, count(*)
from   gpkrtpch.lineitem
group by 1
order by 1;
  tm  | count  
------+--------
 1992 | 756352
 1993 | 908721
 1994 | 909455
 1995 | 914963
 1996 | 913487
 1997 | 911395
 1998 | 686842
 1999 | 756352
 2000 | 908721
 2001 | 909455
 2002 | 914963
 2003 | 913487
 2004 | 911395
 2005 | 686842
 2006 | 756352
 2007 | 908721
 2008 | 909455
 2009 | 914963
 2010 | 913487
 2011 | 911395
 2012 | 686842
(21 rows)

Time: 5548.030 ms
select to_char(o_orderdate, 'yyyy') tm, count(*)
from   gpkrtpch.orders
group by 1
order by 1;
  tm  | count  
------+--------
 1992 | 227089
 1993 | 226645
 1994 | 227597
 1995 | 228637
 1996 | 228626
 1997 | 227783
 1998 | 133623
 1999 | 227089
 2000 | 226645
 2001 | 227597
 2002 | 228637
 2003 | 228626
 2004 | 227783
 2005 | 133623
 2006 | 227089
 2007 | 226645
 2008 | 227597
 2009 | 228637
 2010 | 228626
 2011 | 227783
 2012 | 133623
(21 rows)

Time: 1946.056 ms
./3.3_inc_after_count.sh|2023-02-07 18:32:02|2023-02-07 18:32:10|8
