2023-02-07 18:30:23|INFO|gpload session started 2023-02-07 18:30:23
2023-02-07 18:30:23|LOG|trying to run gpfdist -p 8081 -P 9081 -f "/data/gpkrtpch/data/partsupp.tbl.gz" -t 30 -v
2023-02-07 18:30:24|LOG|gpfdist says: 2023-02-07 18:30:24 21576 INFO Before opening listening sockets - following listening sockets are available:
2023-02-07 18:30:24|LOG|gpfdist says: 2023-02-07 18:30:24 21576 INFO IPV6 socket: [::]:8081
2023-02-07 18:30:24|LOG|gpfdist says: 2023-02-07 18:30:24 21576 INFO IPV4 socket: 0.0.0.0:8081
2023-02-07 18:30:24|LOG|gpfdist says: 2023-02-07 18:30:24 21576 INFO Trying to open listening socket:
2023-02-07 18:30:24|LOG|gpfdist says: 2023-02-07 18:30:24 21576 INFO IPV6 socket: [::]:8081
2023-02-07 18:30:24|LOG|gpfdist says: 2023-02-07 18:30:24 21576 WARN Address already in use (errno = 98), port: 8081
2023-02-07 18:30:24|LOG|gpfdist says: 
2023-02-07 18:30:24|LOG|gpfdist says: 2023-02-07 18:30:24 21576 INFO Before opening listening sockets - following listening sockets are available:
2023-02-07 18:30:24|LOG|gpfdist says: 2023-02-07 18:30:24 21576 INFO IPV6 socket: [::]:8082
2023-02-07 18:30:24|LOG|gpfdist says: 2023-02-07 18:30:24 21576 INFO IPV4 socket: 0.0.0.0:8082
2023-02-07 18:30:24|LOG|gpfdist says: 2023-02-07 18:30:24 21576 INFO Trying to open listening socket:
2023-02-07 18:30:24|LOG|gpfdist says: 2023-02-07 18:30:24 21576 INFO IPV6 socket: [::]:8082
2023-02-07 18:30:24|LOG|gpfdist says: 2023-02-07 18:30:24 21576 WARN Address already in use (errno = 98), port: 8082
2023-02-07 18:30:24|LOG|gpfdist says: 
2023-02-07 18:30:24|LOG|gpfdist says: 2023-02-07 18:30:24 21576 INFO Before opening listening sockets - following listening sockets are available:
2023-02-07 18:30:24|LOG|gpfdist says: 2023-02-07 18:30:24 21576 INFO IPV6 socket: [::]:8083
2023-02-07 18:30:24|LOG|gpfdist says: 2023-02-07 18:30:24 21576 INFO IPV4 socket: 0.0.0.0:8083
2023-02-07 18:30:24|LOG|gpfdist says: 2023-02-07 18:30:24 21576 INFO Trying to open listening socket:
2023-02-07 18:30:24|LOG|gpfdist says: 2023-02-07 18:30:24 21576 INFO IPV6 socket: [::]:8083
2023-02-07 18:30:24|LOG|gpfdist says: 2023-02-07 18:30:24 21576 INFO Opening listening socket succeeded
2023-02-07 18:30:24|LOG|gpfdist says: 2023-02-07 18:30:24 21576 INFO Trying to open listening socket:
2023-02-07 18:30:24|LOG|gpfdist says: 2023-02-07 18:30:24 21576 INFO IPV4 socket: 0.0.0.0:8083
2023-02-07 18:30:24|LOG|gpfdist says: 2023-02-07 18:30:24 21576 INFO Opening listening socket succeeded
2023-02-07 18:30:24|LOG|gpfdist says: Serving HTTP on port 8083, directory /data/gpkrtpch
2023-02-07 18:30:24|INFO|started gpfdist -p 8081 -P 9081 -f "/data/gpkrtpch/data/partsupp.tbl.gz" -t 30 -v
2023-02-07 18:30:24|LOG|gpfdist is running on port 8083
2023-02-07 18:30:24|LOG|INSERT INTO "gpkrtpch"."partsupp" ("ps_partkey","ps_suppkey","ps_availqty","ps_supplycost","ps_comment") SELECT ps_partkey,ps_suppkey,ps_availqty,ps_supplycost,ps_comment FROM ext_gpload_0c5b3260_a6ca_11ed_9537_000c291c752b
2023-02-07 18:30:30|INFO|running time: 6.18 seconds
2023-02-07 18:30:30|LOG|killing gpfdist
2023-02-07 18:30:30|LOG|terminating all threads
2023-02-07 18:30:30|LOG|all threads are terminated
2023-02-07 18:30:30|LOG|removing temporary data
2023-02-07 18:30:30|INFO|rows Inserted          = 800000
2023-02-07 18:30:30|INFO|rows Updated           = 0
2023-02-07 18:30:30|INFO|data formatting errors = 0
2023-02-07 18:30:30|INFO|gpload succeeded
