2023-02-07 18:30:23|INFO|gpload session started 2023-02-07 18:30:23
2023-02-07 18:30:23|LOG|trying to run gpfdist -p 8081 -P 9081 -f "/data/gpkrtpch/data/part.tbl.gz" -t 30 -v
2023-02-07 18:30:24|LOG|gpfdist says: 2023-02-07 18:30:24 21585 INFO Before opening listening sockets - following listening sockets are available:
2023-02-07 18:30:24|LOG|gpfdist says: 2023-02-07 18:30:24 21585 INFO IPV6 socket: [::]:8081
2023-02-07 18:30:24|LOG|gpfdist says: 2023-02-07 18:30:24 21585 INFO IPV4 socket: 0.0.0.0:8081
2023-02-07 18:30:24|LOG|gpfdist says: 2023-02-07 18:30:24 21585 INFO Trying to open listening socket:
2023-02-07 18:30:24|LOG|gpfdist says: 2023-02-07 18:30:24 21585 INFO IPV6 socket: [::]:8081
2023-02-07 18:30:24|LOG|gpfdist says: 2023-02-07 18:30:24 21585 WARN Address already in use (errno = 98), port: 8081
2023-02-07 18:30:24|LOG|gpfdist says: 
2023-02-07 18:30:24|LOG|gpfdist says: 2023-02-07 18:30:24 21585 INFO Before opening listening sockets - following listening sockets are available:
2023-02-07 18:30:24|LOG|gpfdist says: 2023-02-07 18:30:24 21585 INFO IPV6 socket: [::]:8082
2023-02-07 18:30:24|LOG|gpfdist says: 2023-02-07 18:30:24 21585 INFO IPV4 socket: 0.0.0.0:8082
2023-02-07 18:30:24|LOG|gpfdist says: 2023-02-07 18:30:24 21585 INFO Trying to open listening socket:
2023-02-07 18:30:24|LOG|gpfdist says: 2023-02-07 18:30:24 21585 INFO IPV6 socket: [::]:8082
2023-02-07 18:30:24|LOG|gpfdist says: 2023-02-07 18:30:24 21585 WARN Address already in use (errno = 98), port: 8082
2023-02-07 18:30:24|LOG|gpfdist says: 
2023-02-07 18:30:24|LOG|gpfdist says: 2023-02-07 18:30:24 21585 INFO Before opening listening sockets - following listening sockets are available:
2023-02-07 18:30:24|LOG|gpfdist says: 2023-02-07 18:30:24 21585 INFO IPV6 socket: [::]:8083
2023-02-07 18:30:24|LOG|gpfdist says: 2023-02-07 18:30:24 21585 INFO IPV4 socket: 0.0.0.0:8083
2023-02-07 18:30:24|LOG|gpfdist says: 2023-02-07 18:30:24 21585 INFO Trying to open listening socket:
2023-02-07 18:30:24|LOG|gpfdist says: 2023-02-07 18:30:24 21585 INFO IPV6 socket: [::]:8083
2023-02-07 18:30:24|LOG|gpfdist says: 2023-02-07 18:30:24 21585 WARN Address already in use (errno = 98), port: 8083
2023-02-07 18:30:24|LOG|gpfdist says: 
2023-02-07 18:30:24|LOG|gpfdist says: 2023-02-07 18:30:24 21585 INFO Before opening listening sockets - following listening sockets are available:
2023-02-07 18:30:24|LOG|gpfdist says: 2023-02-07 18:30:24 21585 INFO IPV6 socket: [::]:8084
2023-02-07 18:30:24|LOG|gpfdist says: 2023-02-07 18:30:24 21585 INFO IPV4 socket: 0.0.0.0:8084
2023-02-07 18:30:24|LOG|gpfdist says: 2023-02-07 18:30:24 21585 INFO Trying to open listening socket:
2023-02-07 18:30:24|LOG|gpfdist says: 2023-02-07 18:30:24 21585 INFO IPV6 socket: [::]:8084
2023-02-07 18:30:24|LOG|gpfdist says: 2023-02-07 18:30:24 21585 WARN Address already in use (errno = 98), port: 8084
2023-02-07 18:30:24|LOG|gpfdist says: 
2023-02-07 18:30:24|LOG|gpfdist says: 2023-02-07 18:30:24 21585 INFO Before opening listening sockets - following listening sockets are available:
2023-02-07 18:30:24|LOG|gpfdist says: 2023-02-07 18:30:24 21585 INFO IPV6 socket: [::]:8085
2023-02-07 18:30:24|LOG|gpfdist says: 2023-02-07 18:30:24 21585 INFO IPV4 socket: 0.0.0.0:8085
2023-02-07 18:30:24|LOG|gpfdist says: 2023-02-07 18:30:24 21585 INFO Trying to open listening socket:
2023-02-07 18:30:24|LOG|gpfdist says: 2023-02-07 18:30:24 21585 INFO IPV6 socket: [::]:8085
2023-02-07 18:30:24|LOG|gpfdist says: 2023-02-07 18:30:24 21585 INFO Opening listening socket succeeded
2023-02-07 18:30:24|LOG|gpfdist says: 2023-02-07 18:30:24 21585 INFO Trying to open listening socket:
2023-02-07 18:30:24|LOG|gpfdist says: 2023-02-07 18:30:24 21585 INFO IPV4 socket: 0.0.0.0:8085
2023-02-07 18:30:24|LOG|gpfdist says: 2023-02-07 18:30:24 21585 INFO Opening listening socket succeeded
2023-02-07 18:30:24|LOG|gpfdist says: Serving HTTP on port 8085, directory /data/gpkrtpch
2023-02-07 18:30:24|INFO|started gpfdist -p 8081 -P 9081 -f "/data/gpkrtpch/data/part.tbl.gz" -t 30 -v
2023-02-07 18:30:24|LOG|gpfdist is running on port 8085
2023-02-07 18:30:24|LOG|INSERT INTO "gpkrtpch"."part" ("p_partkey","p_name","p_mfgr","p_brand","p_type","p_size","p_container","p_retailprice","p_comment") SELECT p_partkey,p_name,p_mfgr,p_brand,p_type,p_size,p_container,p_retailprice,p_comment FROM ext_gpload_0c593bcc_a6ca_11ed_9839_000c291c752b
2023-02-07 18:30:25|INFO|running time: 2.01 seconds
2023-02-07 18:30:25|LOG|killing gpfdist
2023-02-07 18:30:25|LOG|terminating all threads
2023-02-07 18:30:25|LOG|all threads are terminated
2023-02-07 18:30:25|LOG|removing temporary data
2023-02-07 18:30:26|INFO|rows Inserted          = 200000
2023-02-07 18:30:26|INFO|rows Updated           = 0
2023-02-07 18:30:26|INFO|data formatting errors = 0
2023-02-07 18:30:26|INFO|gpload succeeded
