2023-02-07 18:30:23|INFO|gpload session started 2023-02-07 18:30:23
2023-02-07 18:30:23|LOG|trying to run gpfdist -p 8081 -P 9081 -f "/data/gpkrtpch/data/region.tbl.gz" -t 30 -v
2023-02-07 18:30:24|LOG|gpfdist says: 2023-02-07 18:30:24 21590 INFO Before opening listening sockets - following listening sockets are available:
2023-02-07 18:30:24|LOG|gpfdist says: 2023-02-07 18:30:24 21590 INFO IPV6 socket: [::]:8081
2023-02-07 18:30:24|LOG|gpfdist says: 2023-02-07 18:30:24 21590 INFO IPV4 socket: 0.0.0.0:8081
2023-02-07 18:30:24|LOG|gpfdist says: 2023-02-07 18:30:24 21590 INFO Trying to open listening socket:
2023-02-07 18:30:24|LOG|gpfdist says: 2023-02-07 18:30:24 21590 INFO IPV6 socket: [::]:8081
2023-02-07 18:30:24|LOG|gpfdist says: 2023-02-07 18:30:24 21590 WARN listen with queue size 256 on socket (6) using port 8081 failed with error code (98): Address already in use
2023-02-07 18:30:24|LOG|gpfdist says: 2023-02-07 18:30:24 21590 INFO Trying to open listening socket:
2023-02-07 18:30:24|LOG|gpfdist says: 2023-02-07 18:30:24 21590 INFO IPV4 socket: 0.0.0.0:8081
2023-02-07 18:30:24|LOG|gpfdist says: 2023-02-07 18:30:24 21590 WARN Address already in use (errno = 98), port: 8081
2023-02-07 18:30:24|LOG|gpfdist says: 
2023-02-07 18:30:24|LOG|gpfdist says: 2023-02-07 18:30:24 21590 INFO Before opening listening sockets - following listening sockets are available:
2023-02-07 18:30:24|LOG|gpfdist says: 2023-02-07 18:30:24 21590 INFO IPV6 socket: [::]:8082
2023-02-07 18:30:24|LOG|gpfdist says: 2023-02-07 18:30:24 21590 INFO IPV4 socket: 0.0.0.0:8082
2023-02-07 18:30:24|LOG|gpfdist says: 2023-02-07 18:30:24 21590 INFO Trying to open listening socket:
2023-02-07 18:30:24|LOG|gpfdist says: 2023-02-07 18:30:24 21590 INFO IPV6 socket: [::]:8082
2023-02-07 18:30:24|LOG|gpfdist says: 2023-02-07 18:30:24 21590 INFO Opening listening socket succeeded
2023-02-07 18:30:24|LOG|gpfdist says: 2023-02-07 18:30:24 21590 INFO Trying to open listening socket:
2023-02-07 18:30:24|LOG|gpfdist says: 2023-02-07 18:30:24 21590 INFO IPV4 socket: 0.0.0.0:8082
2023-02-07 18:30:24|LOG|gpfdist says: 2023-02-07 18:30:24 21590 INFO Opening listening socket succeeded
2023-02-07 18:30:24|LOG|gpfdist says: Serving HTTP on port 8082, directory /data/gpkrtpch
2023-02-07 18:30:24|INFO|started gpfdist -p 8081 -P 9081 -f "/data/gpkrtpch/data/region.tbl.gz" -t 30 -v
2023-02-07 18:30:24|LOG|gpfdist is running on port 8082
2023-02-07 18:30:24|LOG|INSERT INTO "gpkrtpch"."region" ("r_regionkey","r_name","r_comment") SELECT r_regionkey,r_name,r_comment FROM ext_gpload_0c5b4de0_a6ca_11ed_b3a1_000c291c752b
2023-02-07 18:30:24|INFO|running time: 0.28 seconds
2023-02-07 18:30:24|LOG|killing gpfdist
2023-02-07 18:30:24|LOG|terminating all threads
2023-02-07 18:30:24|LOG|all threads are terminated
2023-02-07 18:30:24|LOG|removing temporary data
2023-02-07 18:30:24|INFO|rows Inserted          = 5
2023-02-07 18:30:24|INFO|rows Updated           = 0
2023-02-07 18:30:24|INFO|data formatting errors = 0
2023-02-07 18:30:24|INFO|gpload succeeded
