2023-02-07 18:30:23|INFO|gpload session started 2023-02-07 18:30:23
2023-02-07 18:30:23|LOG|trying to run gpfdist -p 8081 -P 9081 -f "/data/gpkrtpch/data/supplier.tbl.gz" -t 30 -v
2023-02-07 18:30:24|LOG|gpfdist says: 2023-02-07 18:30:24 21596 INFO Before opening listening sockets - following listening sockets are available:
2023-02-07 18:30:24|LOG|gpfdist says: 2023-02-07 18:30:24 21596 INFO IPV6 socket: [::]:8081
2023-02-07 18:30:24|LOG|gpfdist says: 2023-02-07 18:30:24 21596 INFO IPV4 socket: 0.0.0.0:8081
2023-02-07 18:30:24|LOG|gpfdist says: 2023-02-07 18:30:24 21596 INFO Trying to open listening socket:
2023-02-07 18:30:24|LOG|gpfdist says: 2023-02-07 18:30:24 21596 INFO IPV6 socket: [::]:8081
2023-02-07 18:30:24|LOG|gpfdist says: 2023-02-07 18:30:24 21596 WARN Address already in use (errno = 98), port: 8081
2023-02-07 18:30:24|LOG|gpfdist says: 
2023-02-07 18:30:24|LOG|gpfdist says: 2023-02-07 18:30:24 21596 INFO Before opening listening sockets - following listening sockets are available:
2023-02-07 18:30:24|LOG|gpfdist says: 2023-02-07 18:30:24 21596 INFO IPV6 socket: [::]:8082
2023-02-07 18:30:24|LOG|gpfdist says: 2023-02-07 18:30:24 21596 INFO IPV4 socket: 0.0.0.0:8082
2023-02-07 18:30:24|LOG|gpfdist says: 2023-02-07 18:30:24 21596 INFO Trying to open listening socket:
2023-02-07 18:30:24|LOG|gpfdist says: 2023-02-07 18:30:24 21596 INFO IPV6 socket: [::]:8082
2023-02-07 18:30:24|LOG|gpfdist says: 2023-02-07 18:30:24 21596 WARN Address already in use (errno = 98), port: 8082
2023-02-07 18:30:24|LOG|gpfdist says: 
2023-02-07 18:30:24|LOG|gpfdist says: 2023-02-07 18:30:24 21596 INFO Before opening listening sockets - following listening sockets are available:
2023-02-07 18:30:24|LOG|gpfdist says: 2023-02-07 18:30:24 21596 INFO IPV6 socket: [::]:8083
2023-02-07 18:30:24|LOG|gpfdist says: 2023-02-07 18:30:24 21596 INFO IPV4 socket: 0.0.0.0:8083
2023-02-07 18:30:24|LOG|gpfdist says: 2023-02-07 18:30:24 21596 INFO Trying to open listening socket:
2023-02-07 18:30:24|LOG|gpfdist says: 2023-02-07 18:30:24 21596 INFO IPV6 socket: [::]:8083
2023-02-07 18:30:24|LOG|gpfdist says: 2023-02-07 18:30:24 21596 WARN Address already in use (errno = 98), port: 8083
2023-02-07 18:30:24|LOG|gpfdist says: 
2023-02-07 18:30:24|LOG|gpfdist says: 2023-02-07 18:30:24 21596 INFO Before opening listening sockets - following listening sockets are available:
2023-02-07 18:30:24|LOG|gpfdist says: 2023-02-07 18:30:24 21596 INFO IPV6 socket: [::]:8084
2023-02-07 18:30:24|LOG|gpfdist says: 2023-02-07 18:30:24 21596 INFO IPV4 socket: 0.0.0.0:8084
2023-02-07 18:30:24|LOG|gpfdist says: 2023-02-07 18:30:24 21596 INFO Trying to open listening socket:
2023-02-07 18:30:24|LOG|gpfdist says: 2023-02-07 18:30:24 21596 INFO IPV6 socket: [::]:8084
2023-02-07 18:30:24|LOG|gpfdist says: 2023-02-07 18:30:24 21596 INFO Opening listening socket succeeded
2023-02-07 18:30:24|LOG|gpfdist says: 2023-02-07 18:30:24 21596 INFO Trying to open listening socket:
2023-02-07 18:30:24|LOG|gpfdist says: 2023-02-07 18:30:24 21596 INFO IPV4 socket: 0.0.0.0:8084
2023-02-07 18:30:24|LOG|gpfdist says: 2023-02-07 18:30:24 21596 INFO Opening listening socket succeeded
2023-02-07 18:30:24|LOG|gpfdist says: Serving HTTP on port 8084, directory /data/gpkrtpch
2023-02-07 18:30:24|INFO|started gpfdist -p 8081 -P 9081 -f "/data/gpkrtpch/data/supplier.tbl.gz" -t 30 -v
2023-02-07 18:30:24|LOG|gpfdist is running on port 8084
2023-02-07 18:30:24|LOG|INSERT INTO "gpkrtpch"."supplier" ("s_suppkey","s_name","s_address","s_nationkey","s_phone","s_acctbal","s_comment") SELECT s_suppkey,s_name,s_address,s_nationkey,s_phone,s_acctbal,s_comment FROM ext_gpload_0c595616_a6ca_11ed_a541_000c291c752b
2023-02-07 18:30:24|INFO|running time: 0.42 seconds
2023-02-07 18:30:24|LOG|killing gpfdist
2023-02-07 18:30:24|LOG|terminating all threads
2023-02-07 18:30:24|LOG|all threads are terminated
2023-02-07 18:30:24|LOG|removing temporary data
2023-02-07 18:30:24|INFO|rows Inserted          = 10000
2023-02-07 18:30:24|INFO|rows Updated           = 0
2023-02-07 18:30:24|INFO|data formatting errors = 0
2023-02-07 18:30:24|INFO|gpload succeeded
