Timing is on.
set gpcc.query_tags to 'appname=mstr';
SET
Time: 50.855 ms
select
	l_returnflag,
	l_linestatus,
	sum(l_quantity) as sum_qty,
	sum(l_extendedprice) as sum_base_price,
	sum(l_extendedprice * (1 - l_discount)) as sum_disc_price,
	sum(l_extendedprice * (1 - l_discount) * (1 + l_tax)) as sum_charge,
	avg(l_quantity) as avg_qty,
	avg(l_extendedprice) as avg_price,
	avg(l_discount) as avg_disc,
	count(*) as count_order
from
	lineitem
where
	l_shipdate <= date '1998-12-01' - interval '108 day'
group by
	l_returnflag,
	l_linestatus
order by
	l_returnflag,
	l_linestatus;
 l_returnflag | l_linestatus |   sum_qty   | sum_base_price  |  sum_disc_price   |     sum_charge      |       avg_qty       |     avg_price      |        avg_disc        | count_order 
--------------+--------------+-------------+-----------------+-------------------+---------------------+---------------------+--------------------+------------------------+-------------
 A            | F            | 37734107.00 |  56586554400.73 |  53758257134.8700 |  55909065222.827692 | 25.5220058532573370 | 38273.129734621672 | 0.04998529583839761162 |     1478493
 N            | F            |   991417.00 |   1487504710.38 |   1413082168.0541 |   1469649223.194375 | 25.5164719205229835 | 38284.467760848304 | 0.05009342667421629691 |       38854
 N            | O            | 73533166.00 | 110287596362.18 | 104774847005.9449 | 108969626230.358561 | 25.5021452023315441 | 38249.003129342296 | 0.04999584173050598753 |     2883411
 R            | F            | 37719753.00 |  56568041380.90 |  53741292684.6040 |  55889619119.831932 | 25.5057936126907707 | 38250.854626099657 | 0.05000940583012705647 |     1478870
(4 rows)

Time: 17398.455 ms
