Timing is on.
set gpcc.query_tags to 'appname=mstr';
SET
Time: 108.004 ms
create view revenue0 (supplier_no, total_revenue) as
	select
		l_suppkey,
		sum(l_extendedprice * (1 - l_discount))
	from
		lineitem
	where
		l_shipdate >= date '1993-01-01'
		and l_shipdate < date '1993-01-01' + interval '3 month'
	group by
		l_suppkey;
CREATE VIEW
Time: 252.625 ms
select
	s_suppkey,
	s_name,
	s_address,
	s_phone,
	total_revenue
from
	supplier,
	revenue0
where
	s_suppkey = supplier_no
	and total_revenue = (
		select
			max(total_revenue)
		from
			revenue0
	)
order by
	s_suppkey;
 s_suppkey |          s_name           |           s_address            |     s_phone     | total_revenue 
-----------+---------------------------+--------------------------------+-----------------+---------------
      5368 | Supplier#000005368        | oaL5Is4TF1volFy0Xhlr4s pM579LM | 33-296-743-8157 |  1878000.2636
(1 row)

Time: 3696.456 ms
drop view revenue0;
DROP VIEW
Time: 61.991 ms
