Timing is on.
drop table if exists dml16;
psql:/data/gpkrtpch/query/ctas16.sql:1: NOTICE:  table "dml16" does not exist, skipping
DROP TABLE
Time: 5.642 ms
create table dml16 as
select 
	p_brand, 
	p_type, 
	p_size, 
	count(distinct ps_suppkey) as supplier_cnt 
from 
	part, 
	partsupp left join supplier on (ps_suppkey=s_suppkey and s_comment like '%Customer%Complaints%' ) 
where 
	p_partkey = ps_partkey 
	and p_brand <> 'Brand#35' 
	and p_type not like 'MEDIUM ANODIZED%' 
	and p_size in (39, 31, 24, 22, 46, 20, 42, 15)
	and s_suppkey is null 
group by 
	p_brand, 
	p_type, 
	p_size 
order by 
	supplier_cnt desc, 
	p_brand, 
	p_type, 
	p_size
distributed randomly
;
SELECT 18207
Time: 636.205 ms
