Timing is on.
drop table if exists dml17;
psql:/data/gpkrtpch/query/ctas17.sql:1: NOTICE:  table "dml17" does not exist, skipping
DROP TABLE
Time: 5.155 ms
create table dml17 as
select
      sum(l_extendedprice) / 7.0 as avg_yearly
from
      lineitem,
      (
          select
              p_partkey as x_partkey,
              0.2 * avg(l_quantity) as x_avg_20
          from
              part,
              lineitem
          where
              p_partkey = l_partkey
              and p_brand = 'Brand#32'
              and p_container = 'JUMBO PKG'
          group by
              p_partkey
      ) x
where
      x_partkey = l_partkey
and l_quantity < x_avg_20
distributed randomly
;
SELECT 1
Time: 4816.348 ms
