Timing is on.
drop table if exists dml05;
psql:/data/gpkrtpch/query/ctas05.sql:1: NOTICE:  table "dml05" does not exist, skipping
DROP TABLE
Time: 5.764 ms
create table dml05 as
select
	n_name,
	sum(l_extendedprice * (1 - l_discount)) as revenue
from
	customer,
	orders,
	lineitem,
	supplier,
	nation,
	region
where
	c_custkey = o_custkey
	and l_orderkey = o_orderkey
	and l_suppkey = s_suppkey
	and c_nationkey = s_nationkey
	and s_nationkey = n_nationkey
	and n_regionkey = r_regionkey
	and r_name = 'AMERICA'
	and o_orderdate >= date '1997-01-01'
	and o_orderdate < date '1997-01-01' + interval '1 year'
group by
	n_name
order by
	revenue desc
distributed randomly
;
SELECT 5
Time: 2951.552 ms
