Timing is on.
drop table if exists dml01;
psql:/data/gpkrtpch/query/ctas01.sql:1: NOTICE:  table "dml01" does not exist, skipping
DROP TABLE
Time: 5.885 ms
create table dml01 as
select
	l_returnflag,
	l_linestatus,
	sum(l_quantity) as sum_qty,
	sum(l_extendedprice) as sum_base_price,
	sum(l_extendedprice * (1 - l_discount)) as sum_disc_price,
	sum(l_extendedprice * (1 - l_discount) * (1 + l_tax)) as sum_charge,
	avg(l_quantity) as avg_qty,
	avg(l_extendedprice) as avg_price,
	avg(l_discount) as avg_disc,
	count(*) as count_order
from
	lineitem
where
	l_shipdate <= date '1998-12-01' - interval '108 day'
group by
	l_returnflag,
	l_linestatus
order by
	l_returnflag,
	l_linestatus
distributed by (l_returnflag, l_linestatus)
;
SELECT 4
Time: 5099.801 ms
