Timing is on.
drop table if exists dml15;
psql:/data/gpkrtpch/query/ctas15.sql:1: NOTICE:  table "dml15" does not exist, skipping
DROP TABLE
Time: 4.953 ms
drop view if exists revenue0;
psql:/data/gpkrtpch/query/ctas15.sql:2: NOTICE:  view "revenue0" does not exist, skipping
DROP VIEW
Time: 0.657 ms
create view revenue0 (supplier_no, total_revenue) as
	select
		l_suppkey,
		sum(l_extendedprice * (1 - l_discount))
	from
		lineitem
	where
		l_shipdate >= date '1993-01-01'
		and l_shipdate < date '1993-01-01' + interval '3 month'
	group by
		l_suppkey;
CREATE VIEW
Time: 7.262 ms
create table dml15 as
select
	s_suppkey,
	s_name,
	s_address,
	s_phone,
	total_revenue
from
	supplier,
	revenue0
where
	s_suppkey = supplier_no
	and total_revenue = (
		select
			max(total_revenue)
		from
			revenue0
	)
order by
	s_suppkey
distributed randomly
;
SELECT 1
Time: 557.985 ms
drop view revenue0;
DROP VIEW
Time: 1.928 ms
