Timing is on.
drop table if exists dml10;
psql:/data/gpkrtpch/query/ctas10.sql:1: NOTICE:  table "dml10" does not exist, skipping
DROP TABLE
Time: 5.082 ms
create table dml10 as
select
	c_custkey,
	c_name,
	sum(l_extendedprice * (1 - l_discount)) as revenue,
	c_acctbal,
	n_name,
	c_address,
	c_phone,
	c_comment
from
	customer,
	orders,
	lineitem,
	nation
where
	c_custkey = o_custkey
	and l_orderkey = o_orderkey
	and o_orderdate >= date '1994-10-01'
	and o_orderdate < date '1994-10-01' + interval '3 month'
	and l_returnflag = 'R'
	and c_nationkey = n_nationkey
group by
	c_custkey,
	c_name,
	c_acctbal,
	c_phone,
	n_name,
	c_address,
	c_comment
order by
	revenue desc
LIMIT 20
distributed randomly
;
SELECT 20
Time: 2217.035 ms
