Timing is on.
drop table if exists dml14;
psql:/data/gpkrtpch/query/ctas14.sql:1: NOTICE:  table "dml14" does not exist, skipping
DROP TABLE
Time: 5.968 ms
create table dml14 as
select
	100.00 * sum(case
		when p_type like 'PROMO%'
			then l_extendedprice * (1 - l_discount)
		else 0
	end) / sum(l_extendedprice * (1 - l_discount)) as promo_revenue
from
	lineitem,
	part
where
	l_partkey = p_partkey
	and l_shipdate >= date '1993-01-01'
	and l_shipdate < date '1993-01-01' + interval '1 month'
distributed randomly
;
SELECT 1
Time: 278.507 ms
