Timing is on.
drop table if exists dml12;
psql:/data/gpkrtpch/query/ctas12.sql:1: NOTICE:  table "dml12" does not exist, skipping
DROP TABLE
Time: 5.089 ms
create table dml12 as
select
	l_shipmode,
	sum(case
		when o_orderpriority = '1-URGENT'
			or o_orderpriority = '2-HIGH'
			then 1
		else 0
	end) as high_line_count,
	sum(case
		when o_orderpriority <> '1-URGENT'
			and o_orderpriority <> '2-HIGH'
			then 1
		else 0
	end) as low_line_count
from
	orders,
	lineitem
where
	o_orderkey = l_orderkey
	and l_shipmode in ('RAIL', 'MAIL')
	and l_commitdate < l_receiptdate
	and l_shipdate < l_commitdate
	and l_receiptdate >= date '1993-01-01'
	and l_receiptdate < date '1993-01-01' + interval '1 year'
group by
	l_shipmode
order by
	l_shipmode
distributed randomly
;
SELECT 2
Time: 3163.427 ms
