Timing is on.
drop table if exists dml13;
psql:/data/gpkrtpch/query/ctas13.sql:1: NOTICE:  table "dml13" does not exist, skipping
DROP TABLE
Time: 4.879 ms
create table dml13 as
select
	c_count,
	count(*) as custdist
from
	(
		select
			c_custkey,
			count(o_orderkey)
		from
			customer left outer join orders on
				c_custkey = o_custkey
				and o_comment not like '%express%deposits%'
		group by
			c_custkey
	) as c_orders (c_custkey, c_count)
group by
	c_count
order by
	custdist desc,
	c_count desc
distributed randomly
;
SELECT 41
Time: 2293.233 ms
