Timing is on.
drop table if exists dml04;
psql:/data/gpkrtpch/query/ctas04.sql:1: NOTICE:  table "dml04" does not exist, skipping
DROP TABLE
Time: 5.921 ms
create table dml04 as
select
        o_orderpriority,
        count(*) as order_count
from
        orders
where
        o_orderdate >= date '1994-05-01'
        and o_orderdate < date '1994-05-01' + interval '3 month'
        and exists (
                select
                        *
                from
                        lineitem
                where
                        l_orderkey = o_orderkey
                        and l_commitdate < l_receiptdate
        )
group by
        o_orderpriority
order by
        o_orderpriority
distributed randomly
;
SELECT 5
Time: 3639.345 ms
