Timing is on.
drop table if exists dml11;
psql:/data/gpkrtpch/query/ctas11.sql:1: NOTICE:  table "dml11" does not exist, skipping
DROP TABLE
Time: 5.000 ms
create table dml11 as
select
	ps_partkey,
	sum(ps_supplycost * ps_availqty) as value
from
	partsupp,
	supplier,
	nation
where
	ps_suppkey = s_suppkey
	and s_nationkey = n_nationkey
	and n_name = 'ROMANIA'
group by
	ps_partkey having
		sum(ps_supplycost * ps_availqty) > (
			select
				sum(ps_supplycost * ps_availqty) * 0.0001000000
			from
				partsupp,
				supplier,
				nation
			where
				ps_suppkey = s_suppkey
				and s_nationkey = n_nationkey
				and n_name = 'ROMANIA'
		)
order by
	value desc
distributed randomly
;
SELECT 925
Time: 507.311 ms
