Timing is on.
select  c_custkey, count(*) cnt  from  customer where  c_custkey in( 352828, 10030,20202,33332, 12822) group by 1 ;
 c_custkey | cnt 
-----------+-----
     10030 |   1
     20202 |   1
     33332 |   1
     12822 |   1
(4 rows)

Time: 128.644 ms
select p_size, count(*)  from part where p_partkey between 985750 and 985752 group by 1 order by 1;
 p_size | count 
--------+-------
(0 rows)

Time: 102.256 ms
select l_orderkey, count(*) from    lineitem  where   l_orderkey = 223133 group by 1 ;
 l_orderkey | count 
------------+-------
(0 rows)

Time: 145.490 ms
select count(*) From nation where n_nationkey between 10 and 30 ;
 count 
-------
    15
(1 row)

Time: 58.070 ms
select * from orders where o_orderkey between  218393 and 218396 order by 1;
 o_orderkey | o_custkey | o_orderstatus | o_totalprice | o_orderdate | o_orderpriority | o_clerk | o_shippriority | o_comment 
------------+-----------+---------------+--------------+-------------+-----------------+---------+----------------+-----------
(0 rows)

Time: 93.356 ms
select p_name,count(*) from part where p_partkey between 83938 and 83940 group by 1 order by 1;
                 p_name                 | count 
----------------------------------------+-------
 blush pale maroon gainsboro aquamarine |     1
 magenta maroon lawn burnished black    |     1
 sienna green azure seashell orange     |     1
(3 rows)

Time: 112.144 ms
select l_orderkey, count(*) from    lineitem  where   l_orderkey = 39373 group by 1 ;
 l_orderkey | count 
------------+-------
(0 rows)

Time: 85.229 ms
select * from customer where c_custkey between 484709 and 484711 order by 1 ;
 c_custkey | c_name | c_address | c_nationkey | c_phone | c_acctbal | c_mktsegment | c_comment 
-----------+--------+-----------+-------------+---------+-----------+--------------+-----------
(0 rows)

Time: 14.632 ms
select * From nation where n_name = 'USA' ;
 n_nationkey | n_name | n_regionkey | n_comment 
-------------+--------+-------------+-----------
(0 rows)

Time: 47.390 ms
select s_nationkey, count(*) from supplier where s_suppkey between 8940 and 8944 group by 1 order by 1;
 s_nationkey | count 
-------------+-------
           0 |     1
           4 |     1
           8 |     1
           9 |     1
          18 |     1
(5 rows)

Time: 41.481 ms
