Timing is on.
select * from orders where o_orderkey = 846865  order by 1;
 o_orderkey | o_custkey | o_orderstatus | o_totalprice | o_orderdate | o_orderpriority | o_clerk | o_shippriority | o_comment 
------------+-----------+---------------+--------------+-------------+-----------------+---------+----------------+-----------
(0 rows)

Time: 269.253 ms
select * From nation where n_name = 'JAPAN' ;
 n_nationkey |          n_name           | n_regionkey |                                                   n_comment                                                   
-------------+---------------------------+-------------+---------------------------------------------------------------------------------------------------------------
          12 | JAPAN                     |           2 | blithely final packages cajole quickly even dependencies? blithely regular deposits haggle express, ironic re
(1 row)

Time: 77.416 ms
select o_custkey, count(*) from orders where o_custkey = 65896 group by 1;
 o_custkey | count 
-----------+-------
     65896 |    57
(1 row)

Time: 1555.321 ms
select * from orders where o_orderkey = 57673  order by 1;
 o_orderkey | o_custkey | o_orderstatus | o_totalprice | o_orderdate | o_orderpriority | o_clerk | o_shippriority | o_comment 
------------+-----------+---------------+--------------+-------------+-----------------+---------+----------------+-----------
(0 rows)

Time: 27.626 ms
select o_custkey, count(*) from orders where o_custkey = 79765 group by 1;
 o_custkey | count 
-----------+-------
     79765 |    51
(1 row)

Time: 806.189 ms
select p_name, count(*) from part where p_partkey between 57845 and 57850 group by 1 order by 1;
               p_name               | count 
------------------------------------+-------
 aquamarine cream sandy cyan steel  |     1
 black sky drab honeydew cream      |     1
 gainsboro ivory pink almond plum   |     1
 maroon salmon papaya cream lawn    |     1
 red saddle lawn green firebrick    |     1
 violet smoke dark firebrick saddle |     1
(6 rows)

Time: 28.393 ms
select s_acctbal, count(*) from supplier where s_suppkey between 747352 and 747356 group by 1 order by 1;
 s_acctbal | count 
-----------+-------
(0 rows)

Time: 29.041 ms
select c_nationkey, count(*) from customer where c_custkey between 8368 and 8370 group by 1 order by 1 ;
 c_nationkey | count 
-------------+-------
           0 |     1
           4 |     1
           5 |     1
(3 rows)

Time: 9.983 ms
select p_type, count(*) from part where p_partkey between 5733473 and 5733475 group by 1 order by 1;
 p_type | count 
--------+-------
(0 rows)

Time: 4.997 ms
select * from supplier where s_suppkey between 57457 and 57470 order by 1;
 s_suppkey | s_name | s_address | s_nationkey | s_phone | s_acctbal | s_comment 
-----------+--------+-----------+-------------+---------+-----------+-----------
(0 rows)

Time: 2.829 ms
