Timing is on.
select l_orderkey, count(*) from    lineitem  where   l_orderkey = 16031111 group by 1 ;
 l_orderkey | count 
------------+-------
(0 rows)

Time: 201.207 ms
select count(*) From nation where n_nationkey <= 10 ;
 count 
-------
    11
(1 row)

Time: 13.792 ms
select * from orders where o_orderkey between  16261 and 16291 order by 1;
 o_orderkey | o_custkey | o_orderstatus | o_totalprice | o_orderdate | o_orderpriority |     o_clerk     | o_shippriority |                                   o_comment                                    
------------+-----------+---------------+--------------+-------------+-----------------+-----------------+----------------+--------------------------------------------------------------------------------
      16261 |     71287 | F             |    207342.86 | 1993-10-05  | 5-LOW           | Clerk#000000722 |              0 | accounts for the furiously express dolphins haggle blithely along the slyly
      16261 |     71287 | F             |    207342.86 | 2000-10-05  | 5-LOW           | Clerk#000000722 |              0 | accounts for the furiously express dolphins haggle blithely along the slyly
      16261 |     71287 | F             |    207342.86 | 2007-10-05  | 5-LOW           | Clerk#000000722 |              0 | accounts for the furiously express dolphins haggle blithely along the slyly
      16262 |     53281 | F             |    299554.77 | 2002-01-02  | 5-LOW           | Clerk#000000036 |              0 | furiously regular packages
      16262 |     53281 | F             |    299554.77 | 2009-01-02  | 5-LOW           | Clerk#000000036 |              0 | furiously regular packages
      16262 |     53281 | F             |    299554.77 | 1995-01-02  | 5-LOW           | Clerk#000000036 |              0 | furiously regular packages
      16263 |    112169 | O             |    208970.02 | 2004-11-05  | 3-MEDIUM        | Clerk#000000732 |              0 | unusual somas across the 
      16263 |    112169 | O             |    208970.02 | 1997-11-05  | 3-MEDIUM        | Clerk#000000732 |              0 | unusual somas across the 
      16263 |    112169 | O             |    208970.02 | 2011-11-05  | 3-MEDIUM        | Clerk#000000732 |              0 | unusual somas across the 
      16288 |     21856 | O             |    175795.66 | 2003-03-01  | 5-LOW           | Clerk#000000550 |              0 | carefully pending packages lose furiou
      16288 |     21856 | O             |    175795.66 | 2010-03-01  | 5-LOW           | Clerk#000000550 |              0 | carefully pending packages lose furiou
      16288 |     21856 | O             |    175795.66 | 1996-03-01  | 5-LOW           | Clerk#000000550 |              0 | carefully pending packages lose furiou
      16289 |    111754 | F             |    234150.09 | 2007-07-18  | 2-HIGH          | Clerk#000000497 |              0 | slyly final dependencies cajole above the regular requests. fluffily ironic de
      16289 |    111754 | F             |    234150.09 | 1993-07-18  | 2-HIGH          | Clerk#000000497 |              0 | slyly final dependencies cajole above the regular requests. fluffily ironic de
      16289 |    111754 | F             |    234150.09 | 2000-07-18  | 2-HIGH          | Clerk#000000497 |              0 | slyly final dependencies cajole above the regular requests. fluffily ironic de
      16290 |     89779 | O             |    204856.84 | 1996-09-17  | 4-NOT SPECIFIED | Clerk#000000294 |              0 | carefully regular packages will have to doubt slyly above the
      16290 |     89779 | O             |    204856.84 | 2010-09-17  | 4-NOT SPECIFIED | Clerk#000000294 |              0 | carefully regular packages will have to doubt slyly above the
      16290 |     89779 | O             |    204856.84 | 2003-09-17  | 4-NOT SPECIFIED | Clerk#000000294 |              0 | carefully regular packages will have to doubt slyly above the
      16291 |     57121 | P             |     44400.90 | 2009-04-09  | 4-NOT SPECIFIED | Clerk#000000232 |              0 | slyly final accounts accordin
      16291 |     57121 | P             |     44400.90 | 1995-04-09  | 4-NOT SPECIFIED | Clerk#000000232 |              0 | slyly final accounts accordin
      16291 |     57121 | P             |     44400.90 | 2002-04-09  | 4-NOT SPECIFIED | Clerk#000000232 |              0 | slyly final accounts accordin
(21 rows)

Time: 64.603 ms
select p_name,count(*) from part where p_partkey between 87644 and 87645 group by 1 order by 1;
             p_name             | count 
--------------------------------+-------
 honeydew rose black dim tomato |     1
 sky deep antique coral blue    |     1
(2 rows)

Time: 146.523 ms
select l_orderkey, count(*) from    lineitem  where   l_orderkey = 1621 group by 1 ;
 l_orderkey | count 
------------+-------
(0 rows)

Time: 152.561 ms
select * from customer where c_custkey between 95287 and 95287 order by 1 ;
 c_custkey |       c_name       |          c_address          | c_nationkey |     c_phone     | c_acctbal | c_mktsegment |                            c_comment                            
-----------+--------------------+-----------------------------+-------------+-----------------+-----------+--------------+-----------------------------------------------------------------
     95287 | Customer#000095287 | fbZqklYVYRS936,hfmBdgl3qhM3 |          21 | 31-135-166-6345 |   9623.17 | FURNITURE    | quickly even pinto beans sleep final excuses. pending instructi
(1 row)

Time: 29.687 ms
select * From nation where n_name = 'MOROCCO' ;
 n_nationkey |          n_name           | n_regionkey |                             n_comment                             
-------------+---------------------------+-------------+-------------------------------------------------------------------
          15 | MOROCCO                   |           0 | ideas according to the fluffily final pinto beans sleep furiously
(1 row)

Time: 45.678 ms
select s_nationkey, count(*) from supplier where s_suppkey between 1111 and 1133 group by 1 order by 1;
 s_nationkey | count 
-------------+-------
           1 |     1
           3 |     1
           4 |     1
           5 |     2
           7 |     1
          10 |     1
          11 |     3
          12 |     1
          13 |     1
          15 |     1
          16 |     1
          17 |     1
          18 |     1
          20 |     2
          22 |     2
          23 |     3
(16 rows)

Time: 109.825 ms
select s_name, count(*) from supplier where s_suppkey between 10910 and 10915 group by 1 order by 1;
 s_name | count 
--------+-------
(0 rows)

Time: 44.462 ms
select  c_custkey, count(*) cnt  from  customer where  c_custkey in( 382828, 12822) group by 1 ;
 c_custkey | cnt 
-----------+-----
     12822 |   1
(1 row)

Time: 15.828 ms
