Timing is on.
select l_orderkey, count(*) from    lineitem  where   l_orderkey = 237327 group by 1 ;
 l_orderkey | count 
------------+-------
(0 rows)

Time: 527.552 ms
select count(*) From nation where n_nationkey <= 8 ;
 count 
-------
     9
(1 row)

Time: 17.580 ms
select * from orders where o_orderkey between  73247 and 73250 order by 1;
 o_orderkey | o_custkey | o_orderstatus | o_totalprice | o_orderdate | o_orderpriority |     o_clerk     | o_shippriority |                                   o_comment                                    
------------+-----------+---------------+--------------+-------------+-----------------+-----------------+----------------+--------------------------------------------------------------------------------
      73248 |     43279 | O             |    216985.31 | 2010-07-24  | 4-NOT SPECIFIED | Clerk#000000811 |              0 | quickly regular braids boost slyly. careful packages among the silent tithes c
      73248 |     43279 | O             |    216985.31 | 2003-07-24  | 4-NOT SPECIFIED | Clerk#000000811 |              0 | quickly regular braids boost slyly. careful packages among the silent tithes c
      73248 |     43279 | O             |    216985.31 | 1996-07-24  | 4-NOT SPECIFIED | Clerk#000000811 |              0 | quickly regular braids boost slyly. careful packages among the silent tithes c
      73249 |     23198 | F             |    163483.55 | 2006-08-23  | 4-NOT SPECIFIED | Clerk#000000188 |              0 | quickly regular theodolit
      73249 |     23198 | F             |    163483.55 | 1992-08-23  | 4-NOT SPECIFIED | Clerk#000000188 |              0 | quickly regular theodolit
      73249 |     23198 | F             |    163483.55 | 1999-08-23  | 4-NOT SPECIFIED | Clerk#000000188 |              0 | quickly regular theodolit
      73250 |     23734 | F             |    104380.00 | 1993-10-25  | 2-HIGH          | Clerk#000000961 |              0 | pinto beans detect carefully of the ironic ideas. furiously regular ac
      73250 |     23734 | F             |    104380.00 | 2000-10-25  | 2-HIGH          | Clerk#000000961 |              0 | pinto beans detect carefully of the ironic ideas. furiously regular ac
      73250 |     23734 | F             |    104380.00 | 2007-10-25  | 2-HIGH          | Clerk#000000961 |              0 | pinto beans detect carefully of the ironic ideas. furiously regular ac
(9 rows)

Time: 144.936 ms
select p_name,count(*) from part where p_partkey between 834832 and 834832 group by 1 order by 1;
 p_name | count 
--------+-------
(0 rows)

Time: 97.541 ms
select l_orderkey, count(*) from    lineitem  where   l_orderkey = 72754 group by 1 ;
 l_orderkey | count 
------------+-------
(0 rows)

Time: 61.926 ms
select * from customer where c_custkey between 84275 and 84280 order by 1 ;
 c_custkey |       c_name       |           c_address           | c_nationkey |     c_phone     | c_acctbal | c_mktsegment |                                        c_comment                                        
-----------+--------------------+-------------------------------+-------------+-----------------+-----------+--------------+-----------------------------------------------------------------------------------------
     84275 | Customer#000084275 | O2iRU4pwXtSBmuXUPV27cOnBfkP3P |          17 | 27-533-803-9302 |   3735.27 | AUTOMOBILE   | express, final excuses cajole according to the regular instructi
     84276 | Customer#000084276 | 3PHw,82qo xdAs5iw0Lky1uk      |          15 | 25-335-384-7052 |   -289.31 | AUTOMOBILE   | sometimes final excuses use slyly against the bold, regular braids. even requests sle
     84277 | Customer#000084277 | b1cSEU8bQrQEc0EqMYVNC         |          24 | 34-740-959-7346 |   8537.39 | HOUSEHOLD    | instructions integrate slyly. carefully pending requests cajole. hockey players boost. 
     84278 | Customer#000084278 | ,CDbYVeupV9puiSe,vGkYvjtGlA   |           5 | 15-159-152-3489 |   1986.82 | BUILDING     | furiously special packages use fluffily 
     84279 | Customer#000084279 | A178vIuNHaGkvXSZ              |           7 | 17-182-154-1533 |   5483.45 | BUILDING     | blithely special ideas among the bold, regular pinto beans haggle pending, i
     84280 | Customer#000084280 | DJnCTxZm8GUCZ9w0KwssFBpo3     |          16 | 26-951-843-3584 |    281.24 | BUILDING     | regular asymptotes boost. carefully even accounts haggle slyly fluffily fi
(6 rows)

Time: 9.840 ms
select * From nation where n_name = 'MOROCCO' ;
 n_nationkey |          n_name           | n_regionkey |                             n_comment                             
-------------+---------------------------+-------------+-------------------------------------------------------------------
          15 | MOROCCO                   |           0 | ideas according to the fluffily final pinto beans sleep furiously
(1 row)

Time: 14.162 ms
select s_nationkey, count(*) from supplier where s_suppkey between 75436 and 75440 group by 1 order by 1;
 s_nationkey | count 
-------------+-------
(0 rows)

Time: 20.761 ms
select s_name, count(*) from supplier where s_suppkey between 732146 and 732146 group by 1 order by 1;
 s_name | count 
--------+-------
(0 rows)

Time: 16.892 ms
select  c_custkey, count(*) cnt  from  customer where  c_custkey in( 642352, 642355) group by 1 ;
 c_custkey | cnt 
-----------+-----
(0 rows)

Time: 17.089 ms
