Timing is on.
drop view if exists revenue0;
psql:/data/gpkrtpch/query/query15.sql:1: NOTICE:  view "revenue0" does not exist, skipping
DROP VIEW
Time: 422.131 ms
create view revenue0 (supplier_no, total_revenue) as
	select
		l_suppkey,
		sum(l_extendedprice * (1 - l_discount))
	from
		lineitem
	where
		l_shipdate >= date '1993-01-01'
		and l_shipdate < date '1993-01-01' + interval '3 month'
	group by
		l_suppkey;
CREATE VIEW
Time: 67.530 ms
select
	s_suppkey,
	s_name,
	s_address,
	s_phone,
	total_revenue
from
	supplier,
	revenue0
where
	s_suppkey = supplier_no
	and total_revenue = (
		select
			max(total_revenue)
		from
			revenue0
	)
order by
	s_suppkey;
 s_suppkey |          s_name           |           s_address            |     s_phone     | total_revenue 
-----------+---------------------------+--------------------------------+-----------------+---------------
      5368 | Supplier#000005368        | oaL5Is4TF1volFy0Xhlr4s pM579LM | 33-296-743-8157 |  1878000.2636
(1 row)

Time: 4374.940 ms
drop view revenue0;
DROP VIEW
Time: 62.763 ms
