Timing is on.
select
	n_name,
	sum(l_extendedprice * (1 - l_discount)) as revenue
from
	customer,
	orders,
	lineitem,
	supplier,
	nation,
	region
where
	c_custkey = o_custkey
	and l_orderkey = o_orderkey
	and l_suppkey = s_suppkey
	and c_nationkey = s_nationkey
	and s_nationkey = n_nationkey
	and n_regionkey = r_regionkey
	and r_name = 'AMERICA'
	and o_orderdate >= date '1997-01-01'
	and o_orderdate < date '1997-01-01' + interval '1 year'
group by
	n_name
order by
	revenue desc;
          n_name           |    revenue     
---------------------------+----------------
 CANADA                    | 171495001.1472
 ARGENTINA                 | 165639883.4235
 UNITED STATES             | 161681846.8593
 BRAZIL                    | 159037587.7719
 PERU                      | 155303411.3562
(5 rows)

Time: 22911.937 ms
