Timing is on.
delete from dml04;
DELETE 5
Time: 93.405 ms
insert into dml04
select
        o_orderpriority,
        count(*) as order_count
from
        orders
where
        o_orderdate >= date '1994-05-01'
        and o_orderdate < date '1994-05-01' + interval '3 month'
        and exists (
                select
                        *
                from
                        lineitem
                where
                        l_orderkey = o_orderkey
                        and l_commitdate < l_receiptdate
        )
group by
        o_orderpriority
order by
        o_orderpriority;
INSERT 0 5
Time: 14231.350 ms
