Timing is on.
drop view if exists revenue0;
psql:/data/gpkrtpch/query/dml15.sql:1: NOTICE:  view "revenue0" does not exist, skipping
DROP VIEW
Time: 5.499 ms
create view revenue0 (supplier_no, total_revenue) as
	select
		l_suppkey,
		sum(l_extendedprice * (1 - l_discount))
	from
		lineitem
	where
		l_shipdate >= date '1993-01-01'
		and l_shipdate < date '1993-01-01' + interval '3 month'
	group by
		l_suppkey;
CREATE VIEW
Time: 4.248 ms
delete from dml15;
DELETE 1
Time: 13.138 ms
insert into dml15
select
	s_suppkey,
	s_name,
	s_address,
	s_phone,
	total_revenue
from
	supplier,
	revenue0
where
	s_suppkey = supplier_no
	and total_revenue = (
		select
			max(total_revenue)
		from
			revenue0
	)
order by
	s_suppkey;
INSERT 0 1
Time: 562.506 ms
drop view revenue0;
DROP VIEW
Time: 1.974 ms
